
PC: switch the LED on

PC: switch the LED off

PC: switch the LED on

PC: switch the LED off

PC: switch the LED on

PC: switch the LED off

PC: switch the LED on

PC: switch the LED off

PC: changing the period of LED

PC: changing the period of LED

PC: changing the period of LED

PC: switch the LED on

PC: changing the period of LED

PC: changing the period of LED

PC: changing the period of LED

PC: changing the period of LED

PC: changing the period of LED

PC: changing the period of LED

PC: changing the period of LED

PC: changing the period of LED

PC: changing the period of LED

PC: changing the period of LED

PC: changing the period of LED

PC: switch the LED off

PC: greeting

PC: closing the program
